0 info it worked if it ends with ok
1 verbose cli [ '/usr/local/Cellar/node/6.1.0/bin/node',
1 verbose cli   '/usr/local/bin/npm',
1 verbose cli   'start' ]
2 info using npm@3.8.6
3 info using node@v6.1.0
4 verbose run-script [ 'prestart', 'start', 'poststart' ]
5 info lifecycle masters-solution-simple@0.0.1~prestart: masters-solution-simple@0.0.1
6 silly lifecycle masters-solution-simple@0.0.1~prestart: no script for prestart, continuing
7 info lifecycle masters-solution-simple@0.0.1~start: masters-solution-simple@0.0.1
8 verbose lifecycle masters-solution-simple@0.0.1~start: unsafe-perm in lifecycle true
9 verbose lifecycle masters-solution-simple@0.0.1~start: PATH: /usr/local/lib/node_modules/npm/bin/node-gyp-bin:/Users/patrick/Documents/Asorted Things/WebApps/masters-solution-simple/node_modules/.bin:/usr/local/Cellar/node/6.1.0/bin:/usr/local/bin:/usr/bin:/bin:/usr/sbin:/sbin:/opt/X11/bin:/usr/local/MacGPG2/bin:/Library/TeX/texbin:
10 verbose lifecycle masters-solution-simple@0.0.1~start: CWD: /Users/patrick/Documents/Asorted Things/WebApps/masters-solution-simple
11 silly lifecycle masters-solution-simple@0.0.1~start: Args: [ '-c',
11 silly lifecycle   'if-env NODE_ENV=production && npm run start:prod || npm run start:dev' ]
12 silly lifecycle masters-solution-simple@0.0.1~start: Returned: code: 1  signal: null
13 info lifecycle masters-solution-simple@0.0.1~start: Failed to exec start script
14 verbose stack Error: masters-solution-simple@0.0.1 start: `if-env NODE_ENV=production && npm run start:prod || npm run start:dev`
14 verbose stack Exit status 1
14 verbose stack     at EventEmitter.<anonymous> (/usr/local/lib/node_modules/npm/lib/utils/lifecycle.js:239:16)
14 verbose stack     at emitTwo (events.js:106:13)
14 verbose stack     at EventEmitter.emit (events.js:191:7)
14 verbose stack     at ChildProcess.<anonymous> (/usr/local/lib/node_modules/npm/lib/utils/spawn.js:24:14)
14 verbose stack     at emitTwo (events.js:106:13)
14 verbose stack     at ChildProcess.emit (events.js:191:7)
14 verbose stack     at maybeClose (internal/child_process.js:850:16)
14 verbose stack     at Process.ChildProcess._handle.onexit (internal/child_process.js:215:5)
15 verbose pkgid masters-solution-simple@0.0.1
16 verbose cwd /Users/patrick/Documents/Asorted Things/WebApps/masters-solution-simple/public
17 error Darwin 14.5.0
18 error argv "/usr/local/Cellar/node/6.1.0/bin/node" "/usr/local/bin/npm" "start"
19 error node v6.1.0
20 error npm  v3.8.6
21 error code ELIFECYCLE
22 error masters-solution-simple@0.0.1 start: `if-env NODE_ENV=production && npm run start:prod || npm run start:dev`
22 error Exit status 1
23 error Failed at the masters-solution-simple@0.0.1 start script 'if-env NODE_ENV=production && npm run start:prod || npm run start:dev'.
23 error Make sure you have the latest version of node.js and npm installed.
23 error If you do, this is most likely a problem with the masters-solution-simple package,
23 error not with npm itself.
23 error Tell the author that this fails on your system:
23 error     if-env NODE_ENV=production && npm run start:prod || npm run start:dev
23 error You can get information on how to open an issue for this project with:
23 error     npm bugs masters-solution-simple
23 error Or if that isn't available, you can get their info via:
23 error     npm owner ls masters-solution-simple
23 error There is likely additional logging output above.
24 verbose exit [ 1, true ]
